This is pdfTeX, Version 3.14159-13d (Web2C 7.3.1) (format=pdflatex 2002.10.21)  13 DEC 2002 16:41
**gpelcard.tex
(gpelcard.tex[/var/lib/texmf/pdftex/config/pdftex.cfg]
LaTeX2e <1999/12/01> patch level 1
Babel <v3.6Z> and hyphenation patterns for american, french, german, ngerman, n
ohyphenation, loaded.
(/usr/share/texmf/tex/latex/base/article.cls
Document Class: article 1999/09/10 v1.4a Standard LaTeX document class
(/usr/share/texmf/tex/latex/base/size10.clo
File: size10.clo 1999/09/10 v1.4a Standard LaTeX file (size option)
)
\c@part=\count79
\c@section=\count80
\c@subsection=\count81
\c@subsubsection=\count82
\c@paragraph=\count83
\c@subparagraph=\count84
\c@figure=\count85
\c@table=\count86
\abovecaptionskip=\skip41
\belowcaptionskip=\skip42
\bibindent=\dimen102
)
(/usr/share/texmf/tex/latex/misc/fancybox.sty
Style option: `fancybox' v1.3 <1998/09/17> (tvz)
\@fancybox=\box26
\shadowsize=\dimen103
\@Sbox=\box27
\do@VerbBox=\toks14
\the@fancyput=\toks15
\this@fancyput=\toks16
\EndVerbatimTokens=\toks17
\Verbatim@Outfile=\write3
\Verbatim@Infile=\read1
) (gpelcard.aux)
\openout1 = `gpelcard.aux'.

LaTeX Font Info:    Checking defaults for OML/cmm/m/it on input line 81.
LaTeX Font Info:    ... okay on input line 81.
LaTeX Font Info:    Checking defaults for T1/cmr/m/n on input line 81.
LaTeX Font Info:    ... okay on input line 81.
LaTeX Font Info:    Checking defaults for OT1/cmr/m/n on input line 81.
LaTeX Font Info:    ... okay on input line 81.
LaTeX Font Info:    Checking defaults for OMS/cmsy/m/n on input line 81.
LaTeX Font Info:    ... okay on input line 81.
LaTeX Font Info:    Checking defaults for OMX/cmex/m/n on input line 81.
LaTeX Font Info:    ... okay on input line 81.
LaTeX Font Info:    Checking defaults for U/cmr/m/n on input line 81.
LaTeX Font Info:    ... okay on input line 81.
LaTeX Font Info:    External font `cmex10' loaded for size
(Font)              <9> on input line 96.
LaTeX Font Info:    External font `cmex10' loaded for size
(Font)              <6> on input line 96.
LaTeX Font Info:    External font `cmex10' loaded for size
(Font)              <5> on input line 96.

Overfull \hbox (11.19182pt too wide) in paragraph at lines 115--149
 [] 
 []


Overfull \hbox (18.69722pt too wide) in paragraph at lines 171--172
[][] 
 []

LaTeX Font Info:    Try loading font information for OMS+cmr on input line 174.

(/usr/share/texmf/tex/latex/base/omscmr.fd
File: omscmr.fd 1999/05/25 v2.5h Standard LaTeX font definitions
)
LaTeX Font Info:    Font shape `OMS/cmr/m/n' in size <8> not available
(Font)              Font shape `OMS/cmsy/m/n' tried instead on input line 174.

Overfull \hbox (6.79999pt too wide) in paragraph at lines 206--207
[][] 
 []

[1

[/var/lib/texmf/dvips/config/pdftex.map]]
Underfull \hbox (badness 1635) in paragraph at lines 332--336
\OT1/cmr/m/n/9 These vari-ables con-trol the \OT1/cmtt/m/n/9 Insertions \OT1/cm
r/m/n/9 pull-down
 []


Underfull \hbox (badness 1490) in paragraph at lines 398--398
[]\OT1/cmr/m/n/9 Non-nil means to dis-play a tool-bar if us-ing
 []


Underfull \hbox (badness 2253) in paragraph at lines 403--403
[]\OT1/cmr/m/n/9 Location of XEmacs tool-bar. Valid val-ues
 []

[2]
Underfull \hbox (badness 1087) in paragraph at lines 464--464
\OT1/cmr/m/n/9 in the ar-gu-ment set-ting frame. Italic on a
 []


Underfull \hbox (badness 1087) in paragraph at lines 468--468
\OT1/cmr/m/n/9 in the ar-gu-ment set-ting frame. Italic on a
 []

LaTeX Font Info:    External font `cmex10' loaded for size
(Font)              <8> on input line 479.
[3

] (gpelcard.aux) ) 
Here is how much of TeX's memory you used:
 443 strings out of 25631
 4755 string characters out of 193578
 61336 words of memory out of 384000
 3464 multiletter control sequences out of 10000+15000
 8390 words of font info for 31 fonts, out of 400000 for 1000
 14 hyphenation exceptions out of 1000
 23i,15n,19p,163b,382s stack positions out of 300i,100n,500p,50000b,4000s
<cmmi8.pfb><cmr10.pfb><cmmi9.pfb><cmsy8.pfb><cmtt8.pfb><cmr8.
pfb><cmsy9.pfb><cmbx9.pfb><cmbx12.pfb><cmtt9.pfb><cmcsc10.pfb><cmr9.pfb><cmr12.
pfb><lcirclew.pfb>
Output written on gpelcard.pdf (3 pages, 111074 bytes).
