This file contains any messages produced by compilers while
running configure, to aid debugging if configure makes a mistake.

It was created by configure, which was
generated by GNU Autoconf 2.68.  Invocation command line was

  $ ./configure 

## --------- ##
## Platform. ##
## --------- ##

hostname = homepc
uname -m = i686
uname -r = 3.0-ARCH
uname -s = Linux
uname -v = #1 SMP PREEMPT Sat Aug 6 16:49:00 CEST 2011

/usr/bin/uname -p = unknown
/bin/uname -X     = unknown

/bin/arch              = i686
/usr/bin/arch -k       = unknown
/usr/convex/getsysinfo = unknown
/usr/bin/hostinfo      = unknown
/bin/machine           = unknown
/usr/bin/oslevel       = unknown
/bin/universe          = unknown

PATH: /home/cb/bin
PATH: /usr/lib/perl5/vendor_perl/bin/
PATH: /home/cb/bin
PATH: /usr/lib/perl5/vendor_perl/bin/
PATH: /usr/local/bin
PATH: /usr/bin
PATH: /bin
PATH: /usr/local/sbin
PATH: /usr/sbin
PATH: /sbin
PATH: /opt/android-sdk/platform-tools
PATH: /opt/android-sdk/tools
PATH: /usr/bin/vendor_perl
PATH: /usr/bin/core_perl


## ----------- ##
## Core tests. ##
## ----------- ##

configure:1684: checking whether make sets $(MAKE)
configure:1706: result: yes
configure:1758: checking for a BSD-compatible install
configure:1826: result: /bin/install -c
configure:1839: checking for makeinfo
configure:1855: found /usr/bin/makeinfo
configure:1867: result: makeinfo
configure:1877: checking for texi2dvi
configure:1893: found /usr/bin/texi2dvi
configure:1905: result: texi2dvi
configure:1915: checking for ptex
configure:1943: result: false
configure:1953: checking for jbibtex
configure:1981: result: false
configure:1991: checking for dvipdfmx
configure:2019: result: false
configure:2029: checking for texi2pdf
configure:2045: found /usr/bin/texi2pdf
configure:2057: result: texi2pdf
configure:2069: checking for egrep
configure:2085: found /bin/egrep
configure:2096: result: egrep
configure:2301: checking for emacs
configure:2319: found /usr/bin/emacs
configure:2331: result: /usr/bin/emacs
configure:2358: checking what a flavor does /usr/bin/emacs have
/usr/bin/emacs -q -no-site-file --no-unibyte -batch -eval '(let ((x (if (featurep (quote xemacs))	(if (and	     (condition-case nil		 (progn		   (unless (or itimer-process itimer-timer)		     (itimer-driver-start))		   (let* ((inhibit-quit t)			  (ctime (current-time))			  (itimer-timer-last-wakeup			   (prog1			       ctime			     (setcar ctime (1- (car ctime)))))			  (itimer-list nil)			  (itimer (start-itimer "*testing*"						(function ignore) 5)))		     (sleep-for 0.1)		     (prog1			 (> (itimer-value itimer) 0)		       (delete-itimer itimer))))	       (error nil))	     (string-match	      (concat (vector 94 92 40 63 58 32 43 92 41 42 92 91 92 93))	      (concat (vector 32 91 93)))	     (or (not (executable-find "cat"))		 (with-temp-buffer		   (insert "foo")		   (backward-char)		   (call-process-region (1- (point)) (point) "cat" t t)		   (goto-char (point-min))		   (looking-at "foo"))))	    "XEmacs"	  (let ((v (emacs-version)))	    (if (string-match (char-to-string 41) v)		(substring v 0 (match-end 0))	      "Old XEmacs")))      (concat "Emacs "	      (mapconcat (function identity)			 (nreverse			  (cdr (nreverse				(split-string emacs-version					      (concat (vector 92 46))))))			 "."))))) (write-region (if (stringp x) (princ x) (prin1-to-string x)) nil "./conftest-7971" nil 5))'
Emacs 23.3=> Emacs 23.3
configure:2435: result: Emacs 23.3
configure:2447: checking prefix for /usr/bin/emacs
/usr/bin/emacs -q -no-site-file --no-unibyte -batch -eval '(let ((x (expand-file-name ".." invocation-directory))) (write-region (if (stringp x) (princ x) (prin1-to-string x)) nil "./conftest-7971" nil 5))'
/usr=> /usr
configure:2478: result: /usr
configure:2486: checking where lisp files should go
configure:2508: result: $(prefix)/share/emacs/site-lisp/w3m/
configure:2670: checking where icon files should go
/usr/bin/emacs -q -no-site-file --no-unibyte -batch -eval '(let ((x (let ((prefix "/usr")	      (default (expand-file-name "images/w3m" data-directory)))	  (if (and prefix		   (progn		     (setq prefix (file-name-as-directory prefix))		     (eq 0 (string-match (regexp-quote prefix) default))))	      (replace-match "$(prefix)/" nil nil default)	    default)))) (write-region (if (stringp x) (princ x) (prin1-to-string x)) nil "./conftest-7971" nil 5))'
$(prefix)/share/emacs/23.3/etc/images/w3m=> $(prefix)/share/emacs/23.3/etc/images/w3m
configure:2714: result: $(prefix)/share/emacs/23.3/etc/images/w3m
configure:2910: creating ./config.status

## ---------------------- ##
## Running config.status. ##
## ---------------------- ##

This file was extended by config.status, which was
generated by GNU Autoconf 2.68.  Invocation command line was

  CONFIG_FILES    = 
  CONFIG_HEADERS  = 
  CONFIG_LINKS    = 
  CONFIG_COMMANDS = 
  $ ./config.status 

on homepc

config.status:743: creating Makefile
config.status:743: creating doc/Makefile

## ---------------- ##
## Cache variables. ##
## ---------------- ##

EMACS_cv_SYS_flavor='Emacs 23.3'
EMACS_cv_SYS_icondir='$(prefix)/share/emacs/23.3/etc/images/w3m'
EMACS_cv_SYS_prefix=/usr
ac_cv_env_build_alias_set=
ac_cv_env_build_alias_value=
ac_cv_env_host_alias_set=
ac_cv_env_host_alias_value=
ac_cv_env_target_alias_set=
ac_cv_env_target_alias_value=
ac_cv_path_EMACS=/usr/bin/emacs
ac_cv_path_install='/bin/install -c'
ac_cv_prog_DVIPDFMX=false
ac_cv_prog_EGREP=egrep
ac_cv_prog_JBIBTEX=false
ac_cv_prog_MAKEINFO=makeinfo
ac_cv_prog_PTEX=false
ac_cv_prog_TEXI2DVI=texi2dvi
ac_cv_prog_TEXI2PDF=texi2pdf
ac_cv_prog_make_make_set=yes

## ----------------- ##
## Output variables. ##
## ----------------- ##

ADDITIONAL_LOAD_PATH='NONE'
DEFS='-DPACKAGE_NAME=\"\" -DPACKAGE_TARNAME=\"\" -DPACKAGE_VERSION=\"\" -DPACKAGE_STRING=\"\" -DPACKAGE_BUGREPORT=\"\" -DPACKAGE_URL=\"\"'
DVIPDFMX='false'
ECHO_C=''
ECHO_N='-n'
ECHO_T=''
EGREP='egrep'
EMACS='/usr/bin/emacs'
ICONDIR='$(prefix)/share/emacs/23.3/etc/images/w3m'
INSTALL_DATA='${INSTALL} -m 644'
INSTALL_PROGRAM='${INSTALL}'
INSTALL_SCRIPT='${INSTALL}'
JBIBTEX='false'
LIBOBJS=''
LIBS=''
LTLIBOBJS=''
MAKEINFO='makeinfo'
PACKAGEDIR='NONE'
PACKAGE_BUGREPORT=''
PACKAGE_NAME=''
PACKAGE_STRING=''
PACKAGE_TARNAME=''
PACKAGE_URL=''
PACKAGE_VERSION=''
PATH_SEPARATOR=':'
PTEX='false'
SET_MAKE=''
SHELL='/bin/sh'
TEXI2DVI='texi2dvi'
TEXI2PDF='texi2pdf'
VANILLA_FLAG='-q -no-site-file --no-unibyte'
XEMACSDEBUG=''
bindir='${exec_prefix}/bin'
build_alias=''
datadir='${datarootdir}'
datarootdir='${prefix}/share'
docdir='${datarootdir}/doc/${PACKAGE}'
dvidir='${docdir}'
exec_prefix='${prefix}'
host_alias=''
htmldir='${docdir}'
includedir='${prefix}/include'
infodir='${datarootdir}/info'
libdir='${exec_prefix}/lib'
libexecdir='${exec_prefix}/libexec'
lispdir='$(prefix)/share/emacs/site-lisp/w3m'
localedir='${datarootdir}/locale'
localstatedir='${prefix}/var'
mandir='${datarootdir}/man'
oldincludedir='/usr/include'
pdfdir='${docdir}'
prefix='/usr'
program_transform_name='s,x,x,'
psdir='${docdir}'
sbindir='${exec_prefix}/sbin'
sharedstatedir='${prefix}/com'
sysconfdir='${prefix}/etc'
target_alias=''

## ----------- ##
## confdefs.h. ##
## ----------- ##

/* confdefs.h */
#define PACKAGE_NAME ""
#define PACKAGE_TARNAME ""
#define PACKAGE_VERSION ""
#define PACKAGE_STRING ""
#define PACKAGE_BUGREPORT ""
#define PACKAGE_URL ""

configure: exit 0
